<?xml version="1.0" encoding="UTF-8"?>
<testng-results ignored="0" total="1" passed="0" failed="1" skipped="0">
  <reporter-output>
  </reporter-output>
  <suite started-at="2022-05-06T14:54:09 IST" name="Default suite" finished-at="2022-05-06T14:54:42 IST" duration-ms="32625">
    <groups>
    </groups>
    <test started-at="2022-05-06T14:54:09 IST" name="Default test" finished-at="2022-05-06T14:54:42 IST" duration-ms="32625">
      <class name="testScriptByPom.WhereIsMyTrain">
        <test-method is-config="true" signature="launchApplication()[pri:0, instance:testScriptByPom.WhereIsMyTrain@31ea9581]" started-at="2022-05-06T14:54:09 IST" name="launchApplication" finished-at="2022-05-06T14:54:39 IST" duration-ms="30266" status="PASS">
          <reporter-output>
          </reporter-output>
        </test-method> <!-- launchApplication -->
        <test-method signature="train()[pri:0, instance:testScriptByPom.WhereIsMyTrain@31ea9581]" started-at="2022-05-06T14:54:39 IST" name="train" finished-at="2022-05-06T14:54:42 IST" duration-ms="2116" status="FAIL">
          <exception class="java.lang.NullPointerException">
            <message>
              <![CDATA[Cannot invoke "io.appium.java_client.android.AndroidDriver.findElement(org.openqa.selenium.By)" because "testScriptByPom.WhereIsMyTrain.driver" is null]]>
            </message>
            <full-stacktrace>
              <![CDATA[java.lang.NullPointerException: Cannot invoke "io.appium.java_client.android.AndroidDriver.findElement(org.openqa.selenium.By)" because "testScriptByPom.WhereIsMyTrain.driver" is null
at testScriptByPom.WhereIsMyTrain.train(WhereIsMyTrain.java:16)
at java.base/jdk.internal.reflect.NativeMethodAccessorImpl.invoke0(Native Method)
at java.base/jdk.internal.reflect.NativeMethodAccessorImpl.invoke(NativeMethodAccessorImpl.java:77)
at java.base/jdk.internal.reflect.DelegatingMethodAccessorImpl.invoke(DelegatingMethodAccessorImpl.java:43)
at java.base/java.lang.reflect.Method.invoke(Method.java:568)
at org.testng.internal.MethodInvocationHelper.invokeMethod(MethodInvocationHelper.java:133)
at org.testng.internal.TestInvoker.invokeMethod(TestInvoker.java:598)
at org.testng.internal.TestInvoker.invokeTestMethod(TestInvoker.java:173)
at org.testng.internal.MethodRunner.runInSequence(MethodRunner.java:46)
at org.testng.internal.TestInvoker$MethodInvocationAgent.invoke(TestInvoker.java:824)
at org.testng.internal.TestInvoker.invokeTestMethods(TestInvoker.java:146)
at org.testng.internal.TestMethodWorker.invokeTestMethods(TestMethodWorker.java:146)
at org.testng.internal.TestMethodWorker.run(TestMethodWorker.java:128)
at java.base/java.util.ArrayList.forEach(ArrayList.java:1511)
at org.testng.TestRunner.privateRun(TestRunner.java:794)
at org.testng.TestRunner.run(TestRunner.java:596)
at org.testng.SuiteRunner.runTest(SuiteRunner.java:377)
at org.testng.SuiteRunner.runSequentially(SuiteRunner.java:371)
at org.testng.SuiteRunner.privateRun(SuiteRunner.java:332)
at org.testng.SuiteRunner.run(SuiteRunner.java:276)
at org.testng.SuiteRunnerWorker.runSuite(SuiteRunnerWorker.java:53)
at org.testng.SuiteRunnerWorker.run(SuiteRunnerWorker.java:96)
at org.testng.TestNG.runSuitesSequentially(TestNG.java:1212)
at org.testng.TestNG.runSuitesLocally(TestNG.java:1134)
at org.testng.TestNG.runSuites(TestNG.java:1063)
at org.testng.TestNG.run(TestNG.java:1031)
at org.testng.remote.AbstractRemoteTestNG.run(AbstractRemoteTestNG.java:115)
at org.testng.remote.RemoteTestNG.initAndRun(RemoteTestNG.java:251)
at org.testng.remote.RemoteTestNG.main(RemoteTestNG.java:77)
]]>
            </full-stacktrace>
          </exception> <!-- java.lang.NullPointerException -->
          <reporter-output>
          </reporter-output>
        </test-method> <!-- train -->
        <test-method is-config="true" signature="closeApp()[pri:0, instance:testScriptByPom.WhereIsMyTrain@31ea9581]" started-at="2022-05-06T14:54:42 IST" name="closeApp" finished-at="2022-05-06T14:54:42 IST" duration-ms="1" status="PASS">
          <reporter-output>
          </reporter-output>
        </test-method> <!-- closeApp -->
        <test-method is-config="true" signature="stopDataconnection()[pri:0, instance:testScriptByPom.WhereIsMyTrain@31ea9581]" started-at="2022-05-06T14:54:42 IST" name="stopDataconnection" finished-at="2022-05-06T14:54:42 IST" duration-ms="1" status="PASS">
          <reporter-output>
          </reporter-output>
        </test-method> <!-- stopDataconnection -->
      </class> <!-- testScriptByPom.WhereIsMyTrain -->
    </test> <!-- Default test -->
  </suite> <!-- Default suite -->
</testng-results>
